<?xml version="1.0" encoding="UTF-8"?>
<testng-results ignored="0" total="1" passed="1" failed="0" skipped="0">
  <reporter-output>
  </reporter-output>
  <suite started-at="2026-08-21T12:49:46 IST" name="Default suite" finished-at="2026-08-21T12:49:49 IST" duration-ms="2959">
    <groups>
    </groups>
    <test started-at="2026-08-21T12:49:46 IST" name="Default test" finished-at="2026-08-21T12:49:49 IST" duration-ms="2959">
      <class name="com.restassured.demo.CompletePutPostTest">
        <test-method is-config="true" signature="setup()[pri:0, instance:com.restassured.demo.CompletePutPostTest@4f6ee6e4]" started-at="2026-08-21T12:49:46 IST" name="setup" finished-at="2026-08-21T12:49:46 IST" duration-ms="373" status="PASS">
          <reporter-output>
          </reporter-output>
        </test-method> <!-- setup -->
        <test-method signature="testPostRequestComplete()[pri:1, instance:com.restassured.demo.CompletePutPostTest@4f6ee6e4]" started-at="2026-08-21T12:49:46 IST" name="testPostRequestComplete" finished-at="2026-08-21T12:49:49 IST" duration-ms="2516" status="PASS">
          <reporter-output>
          </reporter-output>
        </test-method> <!-- testPostRequestComplete -->
      </class> <!-- com.restassured.demo.CompletePutPostTest -->
    </test> <!-- Default test -->
  </suite> <!-- Default suite -->
</testng-results>
